c:\users\יעל חדד\pictures\project\lexicalanalysis\lexicalanalysis\debug\vc142.pdb
c:\users\יעל חדד\pictures\project\lexicalanalysis\lexicalanalysis\debug\vc142.idb
c:\users\יעל חדד\pictures\project\lexicalanalysis\lexicalanalysis\debug\hashtablereservesstruct.obj
c:\users\יעל חדד\pictures\project\lexicalanalysis\lexicalanalysis\debug\string.obj
c:\users\יעל חדד\pictures\project\lexicalanalysis\lexicalanalysis\debug\vc143.pdb
c:\users\יעל חדד\pictures\project\lexicalanalysis\lexicalanalysis\debug\vc143.idb
c:\users\יעל חדד\pictures\project\lexicalanalysis\lexicalanalysis\debug\automaton.obj
c:\users\יעל חדד\pictures\project\lexicalanalysis\lexicalanalysis\debug\hashtablereserves.obj
c:\users\יעל חדד\pictures\project\lexicalanalysis\lexicalanalysis\debug\main.obj
c:\users\יעל חדד\pictures\project\lexicalanalysis\debug\lexicalanalysis.exe
c:\users\יעל חדד\pictures\project\lexicalanalysis\debug\lexicalanalysis.pdb
c:\users\יעל חדד\pictures\project\lexicalanalysis\lexicalanalysis\debug\hashtablereserves.obj.enc
c:\users\יעל חדד\pictures\project\lexicalanalysis\lexicalanalysis\debug\lexicalanalysis.ilk
c:\users\יעל חדד\pictures\project\lexicalanalysis\debug\lexicalanalysis.ilk
c:\users\יעל חדד\pictures\project\lexicalanalysis\lexicalanalysis\debug\lexicalanalysis.tlog\cl.command.1.tlog
c:\users\יעל חדד\pictures\project\lexicalanalysis\lexicalanalysis\debug\lexicalanalysis.tlog\cl.items.tlog
c:\users\יעל חדד\pictures\project\lexicalanalysis\lexicalanalysis\debug\lexicalanalysis.tlog\cl.read.1.tlog
c:\users\יעל חדד\pictures\project\lexicalanalysis\lexicalanalysis\debug\lexicalanalysis.tlog\cl.write.1.tlog
c:\users\יעל חדד\pictures\project\lexicalanalysis\lexicalanalysis\debug\lexicalanalysis.tlog\link.command.1.tlog
c:\users\יעל חדד\pictures\project\lexicalanalysis\lexicalanalysis\debug\lexicalanalysis.tlog\link.read.1.tlog
c:\users\יעל חדד\pictures\project\lexicalanalysis\lexicalanalysis\debug\lexicalanalysis.tlog\link.secondary.1.tlog
c:\users\יעל חדד\pictures\project\lexicalanalysis\lexicalanalysis\debug\lexicalanalysis.tlog\link.write.1.tlog
