  Main.c
  Matrix.c
C:\Users\יעל חדד\Pictures\project\SyntacticAnalysis\Matrix.c(4,18): warning C4129: 'P': unrecognized character escape sequence
C:\Users\יעל חדד\Pictures\project\SyntacticAnalysis\Matrix.c(4,18): warning C4129: 'm': unrecognized character escape sequence
C:\Users\יעל חדד\Pictures\project\SyntacticAnalysis\Matrix.c(7,17): warning C4098: 'fillMat': 'void' function returning a value
C:\Users\יעל חדד\Pictures\project\SyntacticAnalysis\Matrix.c(15,31): warning C4013: 'my_strtok' undefined; assuming extern returning int
C:\Users\יעל חדד\Pictures\project\SyntacticAnalysis\Matrix.c(18,42): warning C4047: '=': 'int' differs in levels of indirection from 'char *'
C:\Users\יעל חדד\Pictures\project\SyntacticAnalysis\Matrix.c(19,40): warning C4047: '=': 'char *' differs in levels of indirection from 'int'
C:\Users\יעל חדד\Pictures\project\SyntacticAnalysis\Matrix.c(4,12): error C4996: 'fopen': This function or variable may be unsafe. Consider using fopen_s instead. To disable deprecation, use _CRT_SECURE_NO_WARNINGS. See online help for details.
C:\Users\יעל חדד\Pictures\project\SyntacticAnalysis\Matrix.c(15,1): warning C4047: 'initializing': 'char *' differs in levels of indirection from 'int'
C:\Users\יעל חדד\Pictures\project\SyntacticAnalysis\Matrix.c(55,32): warning C4129: 'P': unrecognized character escape sequence
C:\Users\יעל חדד\Pictures\project\SyntacticAnalysis\Matrix.c(55,32): warning C4129: 'p': unrecognized character escape sequence
C:\Users\יעל חדד\Pictures\project\SyntacticAnalysis\Matrix.c(55,32): warning C4129: 'd': unrecognized character escape sequence
C:\Users\יעל חדד\Pictures\project\SyntacticAnalysis\Matrix.c(83,32): warning C4129: 'P': unrecognized character escape sequence
C:\Users\יעל חדד\Pictures\project\SyntacticAnalysis\Matrix.c(83,32): warning C4129: 'p': unrecognized character escape sequence
C:\Users\יעל חדד\Pictures\project\SyntacticAnalysis\Matrix.c(83,32): warning C4129: 'L': unrecognized character escape sequence
C:\Users\יעל חדד\Pictures\project\SyntacticAnalysis\Matrix.c(91,77): warning C4047: '=': 'TokenPtr' differs in levels of indirection from 'TokenPtr *'
C:\Users\יעל חדד\Pictures\project\SyntacticAnalysis\Matrix.c(93,29): error C2440: '=': cannot convert from 'int' to 'Token'
  Transition.c
C:\Users\יעל חדד\Pictures\project\SyntacticAnalysis\Transition.c(15,23): error C2440: '=': cannot convert from 'Token' to 'int'
C:\Users\יעל חדד\Pictures\project\SyntacticAnalysis\Transition.c(33,25): warning C4018: '<': signed/unsigned mismatch
  Generating Code...
